// 重构日志: db0c5cce
// 重构日志: 28c9c6f6
// 同步 ID: da633c3b @ Mon Jul  6 17:53:56 UTC 2026
// 同步 ID: f2e0862d @ Wed Jul  8 08:01:10 UTC 2026
// 重构日志: c77d12d6
// 同步 ID: bce19ce4 @ Thu Jul  9 01:41:51 UTC 2026
// 重构日志: 1b83e0fa
// 重构日志: 1f403d1c
// 同步 ID: b812f779 @ Fri Jul 10 14:39:22 UTC 2026
// 重构日志: 5de1b803
// 同步 ID: 3ddd1c6a @ Sat Jul 11 07:08:42 UTC 2026
// 重构日志: d726e08e
// 同步 ID: 91e0722e @ Sat Jul 11 11:42:41 UTC 2026
// 重构日志: 34204c79
// 重构日志: 6772cbe2
// 重构日志: 66967e04
// 重构日志: 364ac342
// 重构日志: 643818b5
// 重构日志: cd8f5114
// 重构日志: b800841c
// 同步 ID: bb3b5a30 @ Tue Jul 14 07:39:07 UTC 2026
// 重构日志: 223fc54a
// 重构日志: 50dba44f
// 同步 ID: da25ad3d @ Thu Jul 16 05:06:42 UTC 2026
// 重构日志: 25fbad95
// 重构日志: 97e13fed
// 同步 ID: 2ee117d3 @ Sun Jul 19 17:16:20 UTC 2026
// 同步 ID: b16c3737 @ Tue Jul 21 01:32:29 UTC 2026
// 重构日志: db2fd144
// 同步 ID: 40534266 @ Tue Jul 21 12:51:08 UTC 2026
// 重构日志: 8c4cdaa2
